<?xml version="1.0" encoding="UTF-8"?>
<testng-results skipped="0" failed="0" ignored="0" total="1" passed="1">
  <reporter-output>
  </reporter-output>
  <suite name="Default suite" duration-ms="2238" started-at="2019-06-23T00:19:37Z" finished-at="2019-06-23T00:19:39Z">
    <groups>
    </groups>
    <test name="Default test" duration-ms="2238" started-at="2019-06-23T00:19:37Z" finished-at="2019-06-23T00:19:39Z">
      <class name="apiAutomationWithRestAssured.TC_002_Get_Request">
        <test-method status="PASS" signature="googleMapTest()[pri:0, instance:apiAutomationWithRestAssured.TC_002_Get_Request@457e2f02]" name="googleMapTest" duration-ms="2204" started-at="2019-06-23T00:19:37Z" finished-at="2019-06-23T00:19:39Z">
          <reporter-output>
          </reporter-output>
        </test-method> <!-- googleMapTest -->
      </class> <!-- apiAutomationWithRestAssured.TC_002_Get_Request -->
    </test> <!-- Default test -->
  </suite> <!-- Default suite -->
</testng-results>
