<?xml version="1.0" encoding="UTF-8"?>
<testng-results skipped="0" failed="0" ignored="0" total="1" passed="1">
  <reporter-output>
  </reporter-output>
  <suite name="Default suite" duration-ms="1732" started-at="2019-06-23T21:02:01Z" finished-at="2019-06-23T21:02:03Z">
    <groups>
    </groups>
    <test name="Default test" duration-ms="1732" started-at="2019-06-23T21:02:01Z" finished-at="2019-06-23T21:02:03Z">
      <class name="apiAutomationWithRestAssured.TC_006_Put_Request">
        <test-method status="PASS" signature="updateData()[pri:0, instance:apiAutomationWithRestAssured.TC_006_Put_Request@457e2f02]" name="updateData" duration-ms="1694" started-at="2019-06-23T21:02:01Z" finished-at="2019-06-23T21:02:03Z">
          <reporter-output>
          </reporter-output>
        </test-method> <!-- updateData -->
      </class> <!-- apiAutomationWithRestAssured.TC_006_Put_Request -->
    </test> <!-- Default test -->
  </suite> <!-- Default suite -->
</testng-results>
